<?xml version="1.0" encoding="UTF-8"?>
<coverage generated="1709554870231" clover="3.2.0">
  <project timestamp="1709554870231" name="All files">
    <metrics statements="18" coveredstatements="14" conditionals="10" coveredconditionals="4" methods="10" coveredmethods="6" elements="38" coveredelements="24" complexity="0" loc="18" ncloc="18" packages="3" files="5" classes="5"/>
    <package name="src">
      <metrics statements="2" coveredstatements="2" conditionals="0" coveredconditionals="0" methods="2" coveredmethods="2"/>
      <file name="multiply.js" path="D:\Programming\GIT\Node-React\src\multiply.js">
        <metrics statements="1" coveredstatements="1" conditionals="0" coveredconditionals="0" methods="1" coveredmethods="1"/>
        <line num="2" count="1" type="stmt"/>
      </file>
      <file name="sum.js" path="D:\Programming\GIT\Node-React\src\sum.js">
        <metrics statements="1" coveredstatements="1" conditionals="0" coveredconditionals="0" methods="1" coveredmethods="1"/>
        <line num="2" count="1" type="stmt"/>
      </file>
    </package>
    <package name="src.components">
      <metrics statements="11" coveredstatements="10" conditionals="4" coveredconditionals="2" methods="4" coveredmethods="3"/>
      <file name="CounterOld.jsx" path="D:\Programming\GIT\Node-React\src\components\CounterOld.jsx">
        <metrics statements="7" coveredstatements="6" conditionals="0" coveredconditionals="0" methods="3" coveredmethods="2"/>
        <line num="5" count="4" type="stmt"/>
        <line num="6" count="3" type="stmt"/>
        <line num="8" count="3" type="stmt"/>
        <line num="9" count="1" type="stmt"/>
        <line num="12" count="3" type="stmt"/>
        <line num="13" count="0" type="stmt"/>
        <line num="16" count="3" type="stmt"/>
      </file>
      <file name="Joke.jsx" path="D:\Programming\GIT\Node-React\src\components\Joke.jsx">
        <metrics statements="4" coveredstatements="4" conditionals="4" coveredconditionals="2" methods="1" coveredmethods="1"/>
        <line num="5" count="1" type="stmt"/>
        <line num="9" count="1" type="cond" truecount="1" falsecount="1"/>
        <line num="10" count="1" type="cond" truecount="1" falsecount="1"/>
        <line num="12" count="1" type="stmt"/>
      </file>
    </package>
    <package name="src.components.Button">
      <metrics statements="5" coveredstatements="2" conditionals="6" coveredconditionals="2" methods="4" coveredmethods="1"/>
      <file name="Button.jsx" path="D:\Programming\GIT\Node-React\src\components\Button\Button.jsx">
        <metrics statements="5" coveredstatements="2" conditionals="6" coveredconditionals="2" methods="4" coveredmethods="1"/>
        <line num="5" count="1" type="stmt"/>
        <line num="6" count="0" type="cond" truecount="0" falsecount="2"/>
        <line num="14" count="7" type="stmt"/>
        <line num="25" count="0" type="stmt"/>
        <line num="36" count="0" type="stmt"/>
      </file>
    </package>
  </project>
</coverage>
