{"D:\\Programming\\GIT\\Node-React\\src\\multiply.js": {"path":"D:\\Programming\\GIT\\Node-React\\src\\multiply.js","statementMap":{"0":{"start":{"line":2,"column":2},"end":{"line":2,"column":15}}},"fnMap":{"0":{"name":"multiply","decl":{"start":{"line":1,"column":9},"end":{"line":1,"column":17}},"loc":{"start":{"line":1,"column":24},"end":{"line":3,"column":1}},"line":1}},"branchMap":{},"s":{"0":1},"f":{"0":1},"b":{},"_coverageSchema":"1a1c01bbd47fc00a2c39e90264f33305004495a9","hash":"8e490028fb3a145d0473ad97dcd05ad5735ac530"}
,"D:\\Programming\\GIT\\Node-React\\src\\sum.js": {"path":"D:\\Programming\\GIT\\Node-React\\src\\sum.js","statementMap":{"0":{"start":{"line":2,"column":2},"end":{"line":2,"column":15}}},"fnMap":{"0":{"name":"sum","decl":{"start":{"line":1,"column":9},"end":{"line":1,"column":12}},"loc":{"start":{"line":1,"column":19},"end":{"line":3,"column":1}},"line":1}},"branchMap":{},"s":{"0":1},"f":{"0":1},"b":{},"_coverageSchema":"1a1c01bbd47fc00a2c39e90264f33305004495a9","hash":"ddbe8b5e22d1ab2ea8d239cf81f5f62d2bfed96d"}
,"D:\\Programming\\GIT\\Node-React\\src\\components\\CounterOld.jsx": {"path":"D:\\Programming\\GIT\\Node-React\\src\\components\\CounterOld.jsx","statementMap":{"0":{"start":{"line":5,"column":28},"end":{"line":5,"column":39}},"1":{"start":{"line":6,"column":46},"end":{"line":6,"column":57}},"2":{"start":{"line":8,"column":20},"end":{"line":10,"column":3}},"3":{"start":{"line":9,"column":4},"end":{"line":9,"column":24}},"4":{"start":{"line":12,"column":20},"end":{"line":14,"column":3}},"5":{"start":{"line":13,"column":4},"end":{"line":13,"column":42}},"6":{"start":{"line":16,"column":2},"end":{"line":24,"column":4}}},"fnMap":{"0":{"name":"Counter","decl":{"start":{"line":4,"column":9},"end":{"line":4,"column":16}},"loc":{"start":{"line":4,"column":19},"end":{"line":25,"column":1}},"line":4},"1":{"name":"(anonymous_1)","decl":{"start":{"line":8,"column":20},"end":{"line":8,"column":21}},"loc":{"start":{"line":8,"column":26},"end":{"line":10,"column":3}},"line":8},"2":{"name":"(anonymous_2)","decl":{"start":{"line":12,"column":20},"end":{"line":12,"column":21}},"loc":{"start":{"line":12,"column":26},"end":{"line":14,"column":3}},"line":12}},"branchMap":{},"s":{"0":4,"1":3,"2":3,"3":1,"4":3,"5":0,"6":3},"f":{"0":4,"1":1,"2":0},"b":{},"_coverageSchema":"1a1c01bbd47fc00a2c39e90264f33305004495a9","hash":"4947592b776035ee554a5e167ff7bc65d044d700"}
,"D:\\Programming\\GIT\\Node-React\\src\\components\\Joke.jsx": {"path":"D:\\Programming\\GIT\\Node-React\\src\\components\\Joke.jsx","statementMap":{"0":{"start":{"line":5,"column":35},"end":{"line":7,"column":3}},"1":{"start":{"line":9,"column":2},"end":{"line":9,"column":53}},"2":{"start":{"line":9,"column":15},"end":{"line":9,"column":53}},"3":{"start":{"line":10,"column":2},"end":{"line":10,"column":50}},"4":{"start":{"line":10,"column":13},"end":{"line":10,"column":50}},"5":{"start":{"line":12,"column":2},"end":{"line":16,"column":4}}},"fnMap":{"0":{"name":"Joke","decl":{"start":{"line":4,"column":9},"end":{"line":4,"column":13}},"loc":{"start":{"line":4,"column":16},"end":{"line":17,"column":1}},"line":4}},"branchMap":{"0":{"loc":{"start":{"line":9,"column":2},"end":{"line":9,"column":53}},"type":"if","locations":[{"start":{"line":9,"column":2},"end":{"line":9,"column":53}},{"start":{},"end":{}}],"line":9},"1":{"loc":{"start":{"line":10,"column":2},"end":{"line":10,"column":50}},"type":"if","locations":[{"start":{"line":10,"column":2},"end":{"line":10,"column":50}},{"start":{},"end":{}}],"line":10}},"s":{"0":1,"1":1,"2":0,"3":1,"4":0,"5":1},"f":{"0":1},"b":{"0":[0,1],"1":[0,1]},"_coverageSchema":"1a1c01bbd47fc00a2c39e90264f33305004495a9","hash":"5203b1d5ab46430bd047260d06184938e215566f"}
,"D:\\Programming\\GIT\\Node-React\\src\\components\\Button\\Button.jsx": {"path":"D:\\Programming\\GIT\\Node-React\\src\\components\\Button\\Button.jsx","statementMap":{"0":{"start":{"line":5,"column":21},"end":{"line":11,"column":1}},"1":{"start":{"line":6,"column":34},"end":{"line":6,"column":65}},"2":{"start":{"line":14,"column":2},"end":{"line":21,"column":4}},"3":{"start":{"line":25,"column":2},"end":{"line":32,"column":4}},"4":{"start":{"line":36,"column":2},"end":{"line":36,"column":56}}},"fnMap":{"0":{"name":"(anonymous_0)","decl":{"start":{"line":6,"column":22},"end":{"line":6,"column":23}},"loc":{"start":{"line":6,"column":34},"end":{"line":6,"column":65}},"line":6},"1":{"name":"Button","decl":{"start":{"line":13,"column":9},"end":{"line":13,"column":15}},"loc":{"start":{"line":13,"column":23},"end":{"line":22,"column":1}},"line":13},"2":{"name":"Button2","decl":{"start":{"line":24,"column":9},"end":{"line":24,"column":16}},"loc":{"start":{"line":24,"column":24},"end":{"line":33,"column":1}},"line":24},"3":{"name":"Paragraph","decl":{"start":{"line":35,"column":9},"end":{"line":35,"column":18}},"loc":{"start":{"line":35,"column":21},"end":{"line":37,"column":1}},"line":35}},"branchMap":{"0":{"loc":{"start":{"line":6,"column":34},"end":{"line":6,"column":65}},"type":"cond-expr","locations":[{"start":{"line":6,"column":50},"end":{"line":6,"column":57}},{"start":{"line":6,"column":60},"end":{"line":6,"column":65}}],"line":6},"1":{"loc":{"start":{"line":16,"column":17},"end":{"line":16,"column":63}},"type":"cond-expr","locations":[{"start":{"line":16,"column":33},"end":{"line":16,"column":47}},{"start":{"line":16,"column":50},"end":{"line":16,"column":63}}],"line":16},"2":{"loc":{"start":{"line":27,"column":17},"end":{"line":27,"column":77}},"type":"cond-expr","locations":[{"start":{"line":27,"column":36},"end":{"line":27,"column":54}},{"start":{"line":27,"column":57},"end":{"line":27,"column":77}}],"line":27}},"s":{"0":1,"1":0,"2":7,"3":0,"4":0},"f":{"0":0,"1":7,"2":0,"3":0},"b":{"0":[0,0],"1":[3,3],"2":[0,0]},"_coverageSchema":"1a1c01bbd47fc00a2c39e90264f33305004495a9","hash":"446dc42639661e18b79bffbdab25b79a44eff488"}
}
