TN:
SF:src\multiply.js
FN:1,multiply
FNF:1
FNH:1
FNDA:1,multiply
DA:2,1
LF:1
LH:1
BRF:0
BRH:0
end_of_record
TN:
SF:src\sum.js
FN:1,sum
FNF:1
FNH:1
FNDA:1,sum
DA:2,1
LF:1
LH:1
BRF:0
BRH:0
end_of_record
TN:
SF:src\components\CounterOld.jsx
FN:4,Counter
FN:8,(anonymous_1)
FN:12,(anonymous_2)
FNF:3
FNH:2
FNDA:4,Counter
FNDA:1,(anonymous_1)
FNDA:0,(anonymous_2)
DA:5,4
DA:6,3
DA:8,3
DA:9,1
DA:12,3
DA:13,0
DA:16,3
LF:7
LH:6
BRF:0
BRH:0
end_of_record
TN:
SF:src\components\Joke.jsx
FN:4,Joke
FNF:1
FNH:1
FNDA:1,Joke
DA:5,1
DA:9,1
DA:10,1
DA:12,1
LF:4
LH:4
BRDA:9,0,0,0
BRDA:9,0,1,1
BRDA:10,1,0,0
BRDA:10,1,1,1
BRF:4
BRH:2
end_of_record
TN:
SF:src\components\Button\Button.jsx
FN:6,(anonymous_0)
FN:13,Button
FN:24,Button2
FN:35,Paragraph
FNF:4
FNH:1
FNDA:0,(anonymous_0)
FNDA:7,Button
FNDA:0,Button2
FNDA:0,Paragraph
DA:5,1
DA:6,0
DA:14,7
DA:25,0
DA:36,0
LF:5
LH:2
BRDA:6,0,0,0
BRDA:6,0,1,0
BRDA:16,1,0,3
BRDA:16,1,1,3
BRDA:27,2,0,0
BRDA:27,2,1,0
BRF:6
BRH:2
end_of_record
